<?xml version="1.0" encoding="UTF-8"?>
<!-- Generated by org.testng.reporters.JUnitReportReporter -->
<testsuite hostname="Grogu" failures="0" tests="1" name="com.test.scripts.ContactUsTest" time="4.208" errors="0" timestamp="2024-06-19T13:38:01 EDT" skipped="0">
  <testcase classname="com.test.scripts.ContactUsTest" name="f" time="4.208"/>
  <system-out/>
</testsuite> <!-- com.test.scripts.ContactUsTest -->
